<?xml version="1.0" encoding="UTF-8"?>
<testsuite name="org.pongmatcher.web.MatchesControllerTest" time="1.356" tests="3" errors="0" skipped="0" failures="0">
  <properties>
    <property name="java.runtime.name" value="Java(TM) SE Runtime Environment"/>
    <property name="sun.boot.library.path" value="C:\Programmi\Java\jdk1.8.0_31\jre\bin"/>
    <property name="java.vm.version" value="25.31-b07"/>
    <property name="java.vm.vendor" value="Oracle Corporation"/>
    <property name="java.vendor.url" value="http://java.oracle.com/"/>
    <property name="path.separator" value=";"/>
    <property name="guice.disable.misplaced.annotation.check" value="true"/>
    <property name="java.vm.name" value="Java HotSpot(TM) Client VM"/>
    <property name="file.encoding.pkg" value="sun.io"/>
    <property name="user.script" value=""/>
    <property name="user.country" value="IT"/>
    <property name="sun.java.launcher" value="SUN_STANDARD"/>
    <property name="sun.os.patch.level" value="Service Pack 3"/>
    <property name="java.vm.specification.name" value="Java Virtual Machine Specification"/>
    <property name="user.dir" value="C:\development\pong_matcher_spring-master"/>
    <property name="java.runtime.version" value="1.8.0_31-b13"/>
    <property name="java.awt.graphicsenv" value="sun.awt.Win32GraphicsEnvironment"/>
    <property name="java.endorsed.dirs" value="C:\Programmi\Java\jdk1.8.0_31\jre\lib\endorsed"/>
    <property name="os.arch" value="x86"/>
    <property name="java.io.tmpdir" value="C:\DOCUME~1\bennar11\IMPOST~1\Temp\"/>
    <property name="line.separator" value="&#10;"/>
    <property name="java.vm.specification.vendor" value="Oracle Corporation"/>
    <property name="user.variant" value=""/>
    <property name="os.name" value="Windows XP"/>
    <property name="classworlds.conf" value="D:\workspaces\Eclipse\Microservices\.metadata\.plugins\org.eclipse.m2e.launching\launches\m2conf5307077443384794778.tmp"/>
    <property name="sun.jnu.encoding" value="Cp1252"/>
    <property name="java.library.path" value="C:\Programmi\Java\jdk1.8.0_31\bin;C:\WINDOWS\Sun\Java\bin;C:\WINDOWS\system32;C:\WINDOWS;C:/Programmi/Java/jre1.8.0_66/bin/client;C:/Programmi/Java/jre1.8.0_66/bin;C:/Programmi/Java/jre1.8.0_66/lib/i386;C:\Documents and Settings\All Users\Dati applicazioni\Oracle\Java\javapath;C:\Python27\;c:\CA\SC\CAWIN\;C:\Programmi\PC Connectivity Solution\;C:\WINDOWS\system32;C:\WINDOWS;C:\WINDOWS\system32\WBEM;C:\CA_APPSW;C:\PROGRA~1\IBM\SQLLIB\BIN;C:\PROGRA~1\IBM\SQLLIB\FUNCTION;C:\PROGRA~1\IBM\SQLLIB\SAMPLES\REPL;C:\Programmi\Rational\common;C:\Programmi\Rational\ClearCase\bin;C:\Programmi\Microsoft SQL Server\100\Tools\Binn\;C:\Programmi\Microsoft SQL Server\100\DTS\Binn\;C:\Programmi\Microsoft SQL Server\100\Tools\Binn\VSShell\Common7\IDE\;C:\Programmi\Microsoft Visual Studio 9.0\Common7\IDE\PrivateAssemblies\;C:\WINDOWS\system32\WindowsPowerShell\v1.0;C:\Programmi\MySQL\MySQL Server 5.5\bin;C:\Programmi\apache-ant-1.7.0\bin;C:\Programmi\forge-distribution-1.0.2.Final\bin;c:\CA\SC\CAM\bin;C:\CA\SC\Csam\SockAdapter\bin;C:\CA\SC\CBB\;C:\CA\DSM\bin;C:\Programmi\UnxUpdates; C:\Programmi\forge-distribution-1.0.2.Final\bin;C:\Programmi\QuickTime\QTSystem\;C:\Programmi\apache-maven-3.2.5-bin\bin;C:\Programmi\CloudFoundry;C:\runtime\gradle-2.5\bin;C:\Programmi\TortoiseGit\bin;C:\Programmi\Git\cmd;C:\Programmi\GitExtensions\;C:\Programmi\File comuni\Nero\Lib\;C:\Programmi\eclipse-jee-luna-SR2-RC3-win32;;."/>
    <property name="java.specification.name" value="Java Platform API Specification"/>
    <property name="java.class.version" value="52.0"/>
    <property name="sun.management.compiler" value="HotSpot Client Compiler"/>
    <property name="os.version" value="5.1"/>
    <property name="user.home" value="C:\Documents and Settings\bennar11"/>
    <property name="user.timezone" value="Europe/Berlin"/>
    <property name="java.awt.printerjob" value="sun.awt.windows.WPrinterJob"/>
    <property name="java.specification.version" value="1.8"/>
    <property name="file.encoding" value="Cp1252"/>
    <property name="user.name" value="bennar11"/>
    <property name="java.class.path" value="C:\Programmi\apache-maven-3.2.5-bin\boot\plexus-classworlds-2.5.2.jar"/>
    <property name="java.vm.specification.version" value="1.8"/>
    <property name="sun.arch.data.model" value="32"/>
    <property name="java.home" value="C:\Programmi\Java\jdk1.8.0_31\jre"/>
    <property name="sun.java.command" value="org.codehaus.plexus.classworlds.launcher.Launcher -B -s C:\Programmi\apache-maven-3.2.5-bin\conf\settings.xml clean install spring-boot:repackage"/>
    <property name="java.specification.vendor" value="Oracle Corporation"/>
    <property name="user.language" value="it"/>
    <property name="awt.toolkit" value="sun.awt.windows.WToolkit"/>
    <property name="java.vm.info" value="mixed mode, sharing"/>
    <property name="java.version" value="1.8.0_31"/>
    <property name="java.ext.dirs" value="C:\Programmi\Java\jdk1.8.0_31\jre\lib\ext;C:\WINDOWS\Sun\Java\lib\ext"/>
    <property name="sun.boot.class.path" value="C:\Programmi\Java\jdk1.8.0_31\jre\lib\resources.jar;C:\Programmi\Java\jdk1.8.0_31\jre\lib\rt.jar;C:\Programmi\Java\jdk1.8.0_31\jre\lib\sunrsasign.jar;C:\Programmi\Java\jdk1.8.0_31\jre\lib\jsse.jar;C:\Programmi\Java\jdk1.8.0_31\jre\lib\jce.jar;C:\Programmi\Java\jdk1.8.0_31\jre\lib\charsets.jar;C:\Programmi\Java\jdk1.8.0_31\jre\lib\jfr.jar;C:\Programmi\Java\jdk1.8.0_31\jre\classes"/>
    <property name="java.vendor" value="Oracle Corporation"/>
    <property name="maven.home" value="C:\Programmi\apache-maven-3.2.5-bin"/>
    <property name="file.separator" value="\"/>
    <property name="java.vendor.url.bug" value="http://bugreport.sun.com/bugreport/"/>
    <property name="sun.cpu.endian" value="little"/>
    <property name="sun.io.unicode.encoding" value="UnicodeLittle"/>
    <property name="sun.desktop" value="windows"/>
    <property name="sun.cpu.isalist" value="pentium_pro+mmx pentium_pro pentium+mmx pentium i486 i386 i86"/>
  </properties>
  <testcase name="gettingNonExistentMatch404s" classname="org.pongmatcher.web.MatchesControllerTest" time="1.076"/>
  <testcase name="gettingExistentMatch200s" classname="org.pongmatcher.web.MatchesControllerTest" time="0.062"/>
  <testcase name="gettingExistentMatchReturnsJson" classname="org.pongmatcher.web.MatchesControllerTest" time="0.218"/>
</testsuite>